<?xml version="1.0" encoding="UTF-8"?>
<!-- Generated by org.testng.reporters.JUnitReportReporter -->
<testsuite hostname="EC2AMAZ-D9GMPCC" failures="0" tests="1" name="chaining.CreateUser" time="6.252" errors="0" timestamp="2023-07-19T14:38:53 GMT" skipped="0">
  <testcase classname="chaining.CreateUser" name="createUser" time="6.252"/>
  <system-out/>
</testsuite> <!-- chaining.CreateUser -->
