<?xml version="1.0" encoding="UTF-8"?>
<!-- Generated by org.testng.reporters.JUnitReportReporter -->
<testsuite hostname="EC2AMAZ-D9GMPCC" failures="0" tests="1" name="chaining.getUser" time="0.523" errors="0" timestamp="2023-07-19T14:38:53 GMT" skipped="0">
  <testcase classname="chaining.getUser" name="getuser" time="0.523"/>
  <system-out/>
</testsuite> <!-- chaining.getUser -->
