<?xml version="1.0" encoding="UTF-8"?>
<!-- Generated by org.testng.reporters.JUnitReportReporter -->
<testsuite hostname="EC2AMAZ-D9GMPCC" failures="0" tests="1" name="auth.bearerToken" time="7.310" errors="0" timestamp="2023-07-19T13:03:51 GMT" skipped="0">
  <testcase classname="auth.bearerToken" name="bearertoken" time="7.310"/>
  <system-out/>
</testsuite> <!-- auth.bearerToken -->
