<?xml version="1.0" encoding="UTF-8"?>
<!-- Generated by org.testng.reporters.JUnitReportReporter -->
<testsuite hostname="EC2AMAZ-D9GMPCC" failures="0" tests="1" name="auth.oAuth" time="3.995" errors="0" timestamp="2023-07-19T11:54:12 GMT" skipped="0">
  <testcase classname="auth.oAuth" name="oAuth" time="3.995"/>
  <system-out/>
</testsuite> <!-- auth.oAuth -->
